<?xml version="1.0" encoding="UTF-8"?>
<testsuite xmlns:xsi="http://www.w3.org/2001/XMLSchema-instance" xsi:noNamespaceSchemaLocation="https://maven.apache.org/surefire/maven-surefire-plugin/xsd/surefire-test-report-3.0.xsd" version="3.0" name="org.acme.getting.started.GreetingResourceTest" time="4.158" tests="2" errors="0" skipped="0" failures="1">
  <properties>
[...]
</properties>
  <testcase name="testHelloEndpoint" classname="org.acme.getting.started.GreetingResourceTest" time="1.63">
    <failure type="java.lang.AssertionError"><![CDATA[java.lang.AssertionError: 
1 expectation failed.
Response body doesn't match expectation.
Expected: is "hello!"
  Actual: hello

	at org.acme.getting.started.GreetingResourceTest.testHelloEndpoint(GreetingResourceTest.java:20)
]]></failure>
    <system-out><![CDATA[2021-10-20 23:54:18,137 INFO  [io.quarkus] (main) Quarkus 2.3.1.Final on JVM started in 1.923s. Listening on: http://localhost:8081
2021-10-20 23:54:18,142 INFO  [io.quarkus] (main) Profile test activated. 
2021-10-20 23:54:18,143 INFO  [io.quarkus] (main) Installed features: [cdi, resteasy, smallrye-context-propagation, vertx]
]]></system-out>
  </testcase>
  <testcase name="testGreetingEndpoint" classname="org.acme.getting.started.GreetingResourceTest" time="0.039"/>
</testsuite>